<?xml version="1.0" encoding="UTF-8"?>
<!-- Generated by org.testng.reporters.JUnitXMLReporter -->
<testsuite hostname="laptop" name="Command line test 9589361a-bbcf-41c7-889d-b30d18dbc39f" tests="2" failures="2" timestamp="8 Jul 2020 12:00:13 GMT" time="75.58" errors="0">
  <testcase name="feature" time="34.307" classname="runner.TestRunner1">
    <failure type="cucumber.runtime.CucumberException" message="java.lang.NullPointerException">
      <![CDATA[cucumber.runtime.CucumberException: java.lang.NullPointerException
	at cucumber.api.testng.TestNGCucumberRunner.runCucumber(TestNGCucumberRunner.java:69)
	at runner.TestRunner1.feature(TestRunner1.java:41)
	at org.apache.maven.surefire.testng.TestNGExecutor.run(TestNGExecutor.java:91)
	at org.apache.maven.surefire.testng.TestNGDirectoryTestSuite.executeSingleClass(TestNGDirectoryTestSuite.java:128)
	at org.apache.maven.surefire.testng.TestNGDirectoryTestSuite.executeLazy(TestNGDirectoryTestSuite.java:140)
	at org.apache.maven.surefire.testng.TestNGDirectoryTestSuite.execute(TestNGDirectoryTestSuite.java:103)
	at org.apache.maven.surefire.testng.TestNGProvider.invoke(TestNGProvider.java:113)
	at org.apache.maven.surefire.booter.ForkedBooter.invokeProviderInSameClassLoader(ForkedBooter.java:200)
	at org.apache.maven.surefire.booter.ForkedBooter.runSuitesInProcess(ForkedBooter.java:153)
	at org.apache.maven.surefire.booter.ForkedBooter.main(ForkedBooter.java:103)
Caused by: java.lang.NullPointerException
	at pageObjectpackage.MobilePage.addtocarttenmobile(MobilePage.java:115)
	at stepdefinitions.Steps.user_added_ten_phones_to_cart(Steps.java:338)
	at ✽.Then User added ten phones to cart(AddCart.feature:8)
... Removed 21 stack frames]]>
    </failure>
  </testcase> <!-- feature -->
  <testcase name="feature" time="40.356" classname="runner.TestRunner1">
    <failure type="cucumber.runtime.CucumberException" message="java.lang.AssertionError: expected [Amazon.in : samsung mobile phones] but found []">
      <![CDATA[cucumber.runtime.CucumberException: java.lang.AssertionError: expected [Amazon.in : samsung mobile phones] but found []
	at cucumber.api.testng.TestNGCucumberRunner.runCucumber(TestNGCucumberRunner.java:69)
	at runner.TestRunner1.feature(TestRunner1.java:41)
	at org.apache.maven.surefire.testng.TestNGExecutor.run(TestNGExecutor.java:91)
	at org.apache.maven.surefire.testng.TestNGDirectoryTestSuite.executeSingleClass(TestNGDirectoryTestSuite.java:128)
	at org.apache.maven.surefire.testng.TestNGDirectoryTestSuite.executeLazy(TestNGDirectoryTestSuite.java:140)
	at org.apache.maven.surefire.testng.TestNGDirectoryTestSuite.execute(TestNGDirectoryTestSuite.java:103)
	at org.apache.maven.surefire.testng.TestNGProvider.invoke(TestNGProvider.java:113)
	at org.apache.maven.surefire.booter.ForkedBooter.invokeProviderInSameClassLoader(ForkedBooter.java:200)
	at org.apache.maven.surefire.booter.ForkedBooter.runSuitesInProcess(ForkedBooter.java:153)
	at org.apache.maven.surefire.booter.ForkedBooter.main(ForkedBooter.java:103)
Caused by: java.lang.AssertionError: expected [Amazon.in : samsung mobile phones] but found []
	at stepdefinitions.Steps.page_Title_should_be(Steps.java:35)
	at ✽.Then Page Title should be "Amazon.in : samsung mobile phones"(Mobile.feature:59)
... Removed 26 stack frames]]>
    </failure>
  </testcase> <!-- feature -->
</testsuite> <!-- Command line test 9589361a-bbcf-41c7-889d-b30d18dbc39f -->
